{
  "RSpec": {
    "coverage": {
      "/myapp/app/models/user.rb": {
        "lines": [
          null,
          null,
          1,
          null,
          null,
          1,
          null,
          null,
          null,
          1,
          1,
          1,
          null,
          1,
          0,
          null,
          0,
          0,
          0,
          null,
          0,
          null,
          null,
          null,
          null,
          null,
          null,
          null,
          null,
          null
        ]
      },
      "/myapp/app/models/application_record.rb": {
        "lines": [
          null,
          null,
          1,
          1,
          null
        ]
      },
      "/myapp/app/helpers/application_helper.rb": {
        "lines": [
          null,
          null,
          1,
          1,
          20,
          null,
          null,
          1,
          null,
          63,
          null,
          null,
          null,
          null,
          null,
          null,
          null,
          null,
          null,
          null,
          null,
          null,
          null,
          null,
          null,
          null,
          null,
          null,
          null,
          null,
          null,
          null
        ]
      },
      "/myapp/app/helpers/favorites_helper.rb": {
        "lines": [
          null,
          null,
          1,
          null
        ]
      },
      "/myapp/app/helpers/memo_helper.rb": {
        "lines": [
          null,
          null,
          1,
          null
        ]
      },
      "/myapp/app/helpers/musixmatch_search_helper.rb": {
        "lines": [
          null,
          null,
          1,
          null
        ]
      },
      "/myapp/app/helpers/practice_log_helper.rb": {
        "lines": [
          null,
          null,
          1,
          null,
          1,
          0,
          null,
          0,
          null,
          0,
          null,
          0,
          null,
          null,
          null,
          null
        ]
      },
      "/myapp/app/helpers/profile_helper.rb": {
        "lines": [
          null,
          null,
          1,
          null
        ]
      },
      "/myapp/app/helpers/settings_helper.rb": {
        "lines": [
          null,
          null,
          1,
          null
        ]
      },
      "/myapp/app/helpers/top_helper.rb": {
        "lines": [
          null,
          null,
          1,
          null
        ]
      },
      "/myapp/app/models/favorite.rb": {
        "lines": [
          null,
          null,
          1,
          1,
          1,
          null
        ]
      },
      "/myapp/app/models/memo.rb": {
        "lines": [
          null,
          null,
          1,
          1,
          1,
          1,
          1,
          1,
          null,
          1,
          4,
          null,
          null
        ]
      },
      "/myapp/app/models/practice_log.rb": {
        "lines": [
          null,
          null,
          1,
          1,
          1,
          null,
          1,
          null
        ]
      },
      "/myapp/app/models/profile.rb": {
        "lines": [
          null,
          null,
          1,
          1,
          1,
          null
        ]
      },
      "/myapp/app/controllers/memos_controller.rb": {
        "lines": [
          null,
          null,
          1,
          1,
          1,
          null,
          1,
          9,
          null,
          null,
          1,
          20,
          null,
          null,
          null,
          20,
          0,
          0,
          0,
          null,
          null,
          null,
          20,
          null,
          null,
          20,
          8,
          8,
          null,
          null,
          null,
          null,
          12,
          null,
          null,
          null,
          1,
          1,
          1,
          1,
          1,
          null,
          0,
          0,
          null,
          null,
          null,
          1,
          0,
          null,
          0,
          0,
          0,
          0,
          null,
          null,
          0,
          0,
          null,
          0,
          null,
          0,
          null,
          null,
          null,
          1,
          1,
          1,
          1,
          null,
          0,
          null,
          0,
          null,
          null,
          null,
          1,
          null,
          1,
          1,
          null,
          null,
          1,
          0,
          null,
          null,
          1,
          21,
          null,
          null,
          1,
          20,
          null,
          3,
          null,
          null,
          null
        ]
      },
      "/myapp/app/controllers/application_controller.rb": {
        "lines": [
          null,
          null,
          1,
          1,
          null,
          null,
          null,
          null,
          null,
          1,
          null,
          2,
          null,
          null
        ]
      },
      "/myapp/app/controllers/top_controller.rb": {
        "lines": [
          null,
          null,
          1,
          1,
          1,
          null
        ]
      },
      "/myapp/app/services/lyrics_fetcher.rb": {
        "lines": [
          null,
          null,
          1,
          null,
          1,
          0,
          0,
          0,
          0,
          0,
          null,
          0,
          0,
          null,
          null
        ]
      },
      "/myapp/app/services/track_fetcher.rb": {
        "lines": [
          null,
          null,
          1,
          null,
          1,
          0,
          0,
          0,
          0,
          null,
          0,
          0,
          null,
          null
        ]
      },
      "/myapp/app/controllers/profiles_controller.rb": {
        "lines": [
          null,
          null,
          1,
          1,
          1,
          1,
          1,
          null,
          1,
          2,
          2,
          null,
          null,
          1,
          0,
          0,
          null,
          0,
          null,
          null,
          null,
          1,
          0,
          0,
          0,
          null,
          0,
          0,
          null,
          null,
          null,
          1,
          8,
          8,
          8,
          null,
          null,
          1,
          null,
          1,
          0,
          null,
          null,
          1,
          0,
          null,
          null,
          1,
          10,
          null,
          null,
          1,
          10,
          null,
          null
        ]
      },
      "/myapp/app/controllers/musixmatch_controller.rb": {
        "lines": [
          null,
          null,
          1,
          1,
          null,
          1,
          1,
          12,
          12,
          12,
          null,
          null,
          12,
          null,
          null,
          12,
          null,
          4,
          null,
          4,
          null,
          4,
          null,
          null,
          null,
          null,
          null,
          8,
          null,
          null,
          null,
          1,
          null,
          1,
          24,
          null,
          null
        ]
      },
      "/myapp/app/controllers/autocomplete_controller.rb": {
        "lines": [
          null,
          null,
          1,
          1,
          1,
          null,
          1,
          1,
          1,
          null,
          1,
          1,
          0,
          0,
          null,
          null,
          null,
          1,
          1,
          null,
          1,
          null,
          1,
          null,
          1,
          null,
          null,
          1,
          4,
          4,
          null,
          4,
          4,
          0,
          0,
          null,
          null,
          4,
          null,
          4,
          4,
          null,
          4,
          null,
          null,
          1,
          null,
          1,
          4,
          4,
          null,
          null,
          1,
          5,
          5,
          null,
          5,
          0,
          0,
          null,
          null,
          55,
          null,
          0,
          0,
          null,
          null
        ]
      },
      "/myapp/app/controllers/settings_controller.rb": {
        "lines": [
          null,
          null,
          1,
          1,
          null,
          1,
          8,
          null,
          null,
          1,
          2,
          2,
          2,
          null,
          0,
          0,
          null,
          null,
          null,
          1,
          null,
          1,
          10,
          null,
          null,
          1,
          2,
          null,
          null
        ]
      },
      "/myapp/app/channels/application_cable/channel.rb": {
        "lines": [
          null,
          null,
          0,
          0,
          0,
          0
        ],
        "branches": {}
      },
      "/myapp/app/channels/application_cable/connection.rb": {
        "lines": [
          null,
          null,
          0,
          0,
          0,
          0
        ],
        "branches": {}
      },
      "/myapp/app/controllers/favorites_controller.rb": {
        "lines": [
          null,
          null,
          0,
          0,
          0,
          null,
          0,
          0,
          0,
          0,
          0,
          0,
          0,
          0,
          0,
          0,
          0,
          0,
          0,
          null,
          0,
          0,
          0,
          0,
          0,
          0,
          0,
          0,
          0,
          0,
          0,
          0,
          0,
          null,
          0,
          null,
          0,
          0,
          0,
          0
        ],
        "branches": {}
      },
      "/myapp/app/controllers/practice_logs_controller.rb": {
        "lines": [
          null,
          null,
          0,
          0,
          null,
          0,
          0,
          0,
          null,
          0,
          null,
          0,
          0,
          null,
          0,
          0,
          0,
          null,
          0,
          0,
          0,
          0,
          0,
          0,
          0,
          0,
          0,
          0,
          0,
          null,
          0,
          null,
          0,
          0,
          0,
          0,
          0,
          0,
          0,
          null,
          0,
          0,
          0,
          null,
          0,
          null,
          0,
          0,
          0,
          0
        ],
        "branches": {}
      },
      "/myapp/app/controllers/users/omniauth_callbacks_controller.rb": {
        "lines": [
          null,
          null,
          0,
          0,
          0,
          null,
          0,
          0,
          null,
          0,
          0,
          0,
          0,
          0,
          0,
          0,
          0,
          0,
          null,
          0,
          0,
          0,
          0,
          0
        ],
        "branches": {}
      },
      "/myapp/app/forms/user_profile_form.rb": {
        "lines": [
          null,
          null,
          0,
          0,
          0,
          null,
          null,
          0,
          0,
          null,
          null,
          null,
          null,
          0,
          null,
          null,
          0,
          null,
          0,
          null,
          null,
          0,
          0,
          null,
          null,
          0,
          0,
          null,
          null,
          0,
          0,
          null,
          0,
          0,
          0,
          0,
          0,
          0,
          0,
          0,
          0,
          0,
          null,
          0,
          null,
          0,
          0,
          0,
          0,
          0
        ],
        "branches": {}
      },
      "/myapp/app/jobs/application_job.rb": {
        "lines": [
          null,
          null,
          0,
          null,
          null,
          null,
          null,
          null,
          0
        ],
        "branches": {}
      },
      "/myapp/app/mailers/application_mailer.rb": {
        "lines": [
          null,
          null,
          0,
          0,
          0,
          0
        ],
        "branches": {}
      }
    },
    "timestamp": 1746104772
  }
}
